<?xml version="1.0" encoding="UTF-8"?>
<coverage generated="1704974142023" clover="3.2.0">
  <project timestamp="1704974142023" name="All files">
    <metrics statements="60" coveredstatements="10" conditionals="16" coveredconditionals="8" methods="28" coveredmethods="4" elements="104" coveredelements="22" complexity="0" loc="60" ncloc="60" packages="13" files="23" classes="23"/>
    <package name="src">
      <metrics statements="1" coveredstatements="0" conditionals="0" coveredconditionals="0" methods="0" coveredmethods="0"/>
      <file name="main.tsx" path="/Users/drt67665/Documents/codes/typescript/front-arch/src/main.tsx">
        <metrics statements="1" coveredstatements="0" conditionals="0" coveredconditionals="0" methods="0" coveredmethods="0"/>
        <line num="6" count="0" type="stmt"/>
      </file>
      <file name="vite-env.d.ts" path="/Users/drt67665/Documents/codes/typescript/front-arch/src/vite-env.d.ts">
        <metrics statements="0" coveredstatements="0" conditionals="0" coveredconditionals="0" methods="0" coveredmethods="0"/>
      </file>
    </package>
    <package name="src.infra.adapters">
      <metrics statements="2" coveredstatements="0" conditionals="0" coveredconditionals="0" methods="1" coveredmethods="0"/>
      <file name="http-client.adapter.ts" path="/Users/drt67665/Documents/codes/typescript/front-arch/src/infra/adapters/http-client.adapter.ts">
        <metrics statements="2" coveredstatements="0" conditionals="0" coveredconditionals="0" methods="1" coveredmethods="0"/>
        <line num="34" count="0" type="stmt"/>
        <line num="35" count="0" type="stmt"/>
      </file>
    </package>
    <package name="src.modules.users.domain.entities">
      <metrics statements="0" coveredstatements="0" conditionals="0" coveredconditionals="0" methods="0" coveredmethods="0"/>
      <file name="album.entity.ts" path="/Users/drt67665/Documents/codes/typescript/front-arch/src/modules/users/domain/entities/album.entity.ts">
        <metrics statements="0" coveredstatements="0" conditionals="0" coveredconditionals="0" methods="0" coveredmethods="0"/>
      </file>
      <file name="user.entity.ts" path="/Users/drt67665/Documents/codes/typescript/front-arch/src/modules/users/domain/entities/user.entity.ts">
        <metrics statements="0" coveredstatements="0" conditionals="0" coveredconditionals="0" methods="0" coveredmethods="0"/>
      </file>
    </package>
    <package name="src.modules.users.domain.usecases">
      <metrics statements="0" coveredstatements="0" conditionals="0" coveredconditionals="0" methods="0" coveredmethods="0"/>
      <file name="create-users.usecase.interface.ts" path="/Users/drt67665/Documents/codes/typescript/front-arch/src/modules/users/domain/usecases/create-users.usecase.interface.ts">
        <metrics statements="0" coveredstatements="0" conditionals="0" coveredconditionals="0" methods="0" coveredmethods="0"/>
      </file>
      <file name="find-all-users.usecase.interface.ts" path="/Users/drt67665/Documents/codes/typescript/front-arch/src/modules/users/domain/usecases/find-all-users.usecase.interface.ts">
        <metrics statements="0" coveredstatements="0" conditionals="0" coveredconditionals="0" methods="0" coveredmethods="0"/>
      </file>
      <file name="find-by-id-users.usecase.interface.ts" path="/Users/drt67665/Documents/codes/typescript/front-arch/src/modules/users/domain/usecases/find-by-id-users.usecase.interface.ts">
        <metrics statements="0" coveredstatements="0" conditionals="0" coveredconditionals="0" methods="0" coveredmethods="0"/>
      </file>
    </package>
    <package name="src.modules.users.usecases">
      <metrics statements="6" coveredstatements="0" conditionals="0" coveredconditionals="0" methods="7" coveredmethods="0"/>
      <file name="create-users.usecase.ts" path="/Users/drt67665/Documents/codes/typescript/front-arch/src/modules/users/usecases/create-users.usecase.ts">
        <metrics statements="2" coveredstatements="0" conditionals="0" coveredconditionals="0" methods="2" coveredmethods="0"/>
        <line num="9" count="0" type="stmt"/>
        <line num="15" count="0" type="stmt"/>
      </file>
      <file name="find-all-users.usecase.ts" path="/Users/drt67665/Documents/codes/typescript/front-arch/src/modules/users/usecases/find-all-users.usecase.ts">
        <metrics statements="2" coveredstatements="0" conditionals="0" coveredconditionals="0" methods="3" coveredmethods="0"/>
        <line num="9" count="0" type="stmt"/>
        <line num="13" count="0" type="stmt"/>
      </file>
      <file name="find-by-id-users.usecase.ts" path="/Users/drt67665/Documents/codes/typescript/front-arch/src/modules/users/usecases/find-by-id-users.usecase.ts">
        <metrics statements="2" coveredstatements="0" conditionals="0" coveredconditionals="0" methods="2" coveredmethods="0"/>
        <line num="9" count="0" type="stmt"/>
        <line num="14" count="0" type="stmt"/>
      </file>
    </package>
    <package name="src.presentation.main.factories.users">
      <metrics statements="6" coveredstatements="0" conditionals="0" coveredconditionals="0" methods="2" coveredmethods="0"/>
      <file name="create-users.tsx" path="/Users/drt67665/Documents/codes/typescript/front-arch/src/presentation/main/factories/users/create-users.tsx">
        <metrics statements="2" coveredstatements="0" conditionals="0" coveredconditionals="0" methods="1" coveredmethods="0"/>
        <line num="5" count="0" type="stmt"/>
        <line num="7" count="0" type="stmt"/>
      </file>
      <file name="list-users.tsx" path="/Users/drt67665/Documents/codes/typescript/front-arch/src/presentation/main/factories/users/list-users.tsx">
        <metrics statements="4" coveredstatements="0" conditionals="0" coveredconditionals="0" methods="1" coveredmethods="0"/>
        <line num="6" count="0" type="stmt"/>
        <line num="7" count="0" type="stmt"/>
        <line num="9" count="0" type="stmt"/>
        <line num="10" count="0" type="stmt"/>
      </file>
    </package>
    <package name="src.presentation.main.routes">
      <metrics statements="2" coveredstatements="0" conditionals="0" coveredconditionals="0" methods="0" coveredmethods="0"/>
      <file name="index.tsx" path="/Users/drt67665/Documents/codes/typescript/front-arch/src/presentation/main/routes/index.tsx">
        <metrics statements="2" coveredstatements="0" conditionals="0" coveredconditionals="0" methods="0" coveredmethods="0"/>
        <line num="6" count="0" type="stmt"/>
        <line num="8" count="0" type="stmt"/>
      </file>
    </package>
    <package name="src.presentation.view.pages.users.create">
      <metrics statements="5" coveredstatements="0" conditionals="4" coveredconditionals="0" methods="1" coveredmethods="0"/>
      <file name="index.tsx" path="/Users/drt67665/Documents/codes/typescript/front-arch/src/presentation/view/pages/users/create/index.tsx">
        <metrics statements="5" coveredstatements="0" conditionals="4" coveredconditionals="0" methods="1" coveredmethods="0"/>
        <line num="10" count="0" type="stmt"/>
        <line num="17" count="0" type="stmt"/>
        <line num="19" count="0" type="cond" truecount="0" falsecount="2"/>
        <line num="21" count="0" type="cond" truecount="0" falsecount="2"/>
        <line num="23" count="0" type="stmt"/>
      </file>
    </package>
    <package name="src.presentation.view.pages.users.create.components">
      <metrics statements="8" coveredstatements="0" conditionals="4" coveredconditionals="0" methods="3" coveredmethods="0"/>
      <file name="form.tsx" path="/Users/drt67665/Documents/codes/typescript/front-arch/src/presentation/view/pages/users/create/components/form.tsx">
        <metrics statements="6" coveredstatements="0" conditionals="2" coveredconditionals="0" methods="2" coveredmethods="0"/>
        <line num="12" count="0" type="stmt"/>
        <line num="18" count="0" type="stmt"/>
        <line num="20" count="0" type="stmt"/>
        <line num="21" count="0" type="stmt"/>
        <line num="22" count="0" type="stmt"/>
        <line num="25" count="0" type="stmt"/>
      </file>
      <file name="success.tsx" path="/Users/drt67665/Documents/codes/typescript/front-arch/src/presentation/view/pages/users/create/components/success.tsx">
        <metrics statements="2" coveredstatements="0" conditionals="2" coveredconditionals="0" methods="1" coveredmethods="0"/>
        <line num="7" count="0" type="stmt"/>
        <line num="8" count="0" type="stmt"/>
      </file>
    </package>
    <package name="src.presentation.view.pages.users.create.hooks">
      <metrics statements="3" coveredstatements="0" conditionals="0" coveredconditionals="0" methods="2" coveredmethods="0"/>
      <file name="create-users.hook.ts" path="/Users/drt67665/Documents/codes/typescript/front-arch/src/presentation/view/pages/users/create/hooks/create-users.hook.ts">
        <metrics statements="3" coveredstatements="0" conditionals="0" coveredconditionals="0" methods="2" coveredmethods="0"/>
        <line num="4" count="0" type="stmt"/>
        <line num="6" count="0" type="stmt"/>
        <line num="8" count="0" type="stmt"/>
      </file>
    </package>
    <package name="src.presentation.view.pages.users.list">
      <metrics statements="4" coveredstatements="0" conditionals="0" coveredconditionals="0" methods="1" coveredmethods="0"/>
      <file name="index.tsx" path="/Users/drt67665/Documents/codes/typescript/front-arch/src/presentation/view/pages/users/list/index.tsx">
        <metrics statements="4" coveredstatements="0" conditionals="0" coveredconditionals="0" methods="1" coveredmethods="0"/>
        <line num="13" count="0" type="stmt"/>
        <line num="18" count="0" type="stmt"/>
        <line num="26" count="0" type="stmt"/>
        <line num="28" count="0" type="stmt"/>
      </file>
    </package>
    <package name="src.presentation.view.pages.users.list.components">
      <metrics statements="11" coveredstatements="10" conditionals="8" coveredconditionals="8" methods="5" coveredmethods="4"/>
      <file name="details.tsx" path="/Users/drt67665/Documents/codes/typescript/front-arch/src/presentation/view/pages/users/list/components/details.tsx">
        <metrics statements="5" coveredstatements="4" conditionals="4" coveredconditionals="4" methods="2" coveredmethods="1"/>
        <line num="11" count="1" type="stmt"/>
        <line num="12" count="3" type="cond" truecount="2" falsecount="0"/>
        <line num="14" count="2" type="cond" truecount="2" falsecount="0"/>
        <line num="16" count="1" type="stmt"/>
        <line num="22" count="0" type="stmt"/>
      </file>
      <file name="table.tsx" path="/Users/drt67665/Documents/codes/typescript/front-arch/src/presentation/view/pages/users/list/components/table.tsx">
        <metrics statements="6" coveredstatements="6" conditionals="4" coveredconditionals="4" methods="3" coveredmethods="3"/>
        <line num="10" count="1" type="stmt"/>
        <line num="11" count="4" type="cond" truecount="2" falsecount="0"/>
        <line num="13" count="3" type="cond" truecount="2" falsecount="0"/>
        <line num="15" count="2" type="stmt"/>
        <line num="28" count="4" type="stmt"/>
        <line num="32" count="1" type="stmt"/>
      </file>
    </package>
    <package name="src.presentation.view.pages.users.list.hooks">
      <metrics statements="12" coveredstatements="0" conditionals="0" coveredconditionals="0" methods="6" coveredmethods="0"/>
      <file name="find-all-users.hook.ts" path="/Users/drt67665/Documents/codes/typescript/front-arch/src/presentation/view/pages/users/list/hooks/find-all-users.hook.ts">
        <metrics statements="3" coveredstatements="0" conditionals="0" coveredconditionals="0" methods="2" coveredmethods="0"/>
        <line num="4" count="0" type="stmt"/>
        <line num="6" count="0" type="stmt"/>
        <line num="8" count="0" type="stmt"/>
      </file>
      <file name="find-by-id-users.hook.ts" path="/Users/drt67665/Documents/codes/typescript/front-arch/src/presentation/view/pages/users/list/hooks/find-by-id-users.hook.ts">
        <metrics statements="9" coveredstatements="0" conditionals="0" coveredconditionals="0" methods="4" coveredmethods="0"/>
        <line num="5" count="0" type="stmt"/>
        <line num="6" count="0" type="stmt"/>
        <line num="8" count="0" type="stmt"/>
        <line num="10" count="0" type="stmt"/>
        <line num="11" count="0" type="stmt"/>
        <line num="14" count="0" type="stmt"/>
        <line num="15" count="0" type="stmt"/>
        <line num="16" count="0" type="stmt"/>
        <line num="19" count="0" type="stmt"/>
      </file>
    </package>
  </project>
</coverage>
