{"/Users/drt67665/Documents/codes/typescript/front-arch/src/main.tsx": {"path":"/Users/drt67665/Documents/codes/typescript/front-arch/src/main.tsx","statementMap":{"0":{"start":{"line":6,"column":0},"end":{"line":10,"column":1}}},"fnMap":{},"branchMap":{},"s":{"0":0},"f":{},"b":{}}
,"/Users/drt67665/Documents/codes/typescript/front-arch/src/vite-env.d.ts": {"path":"/Users/drt67665/Documents/codes/typescript/front-arch/src/vite-env.d.ts","statementMap":{},"fnMap":{},"branchMap":{},"s":{},"f":{},"b":{}}
,"/Users/drt67665/Documents/codes/typescript/front-arch/src/infra/adapters/http-client.adapter.ts": {"path":"/Users/drt67665/Documents/codes/typescript/front-arch/src/infra/adapters/http-client.adapter.ts","statementMap":{"0":{"start":{"line":34,"column":33},"end":{"line":36,"column":1}},"1":{"start":{"line":35,"column":47},"end":{"line":35,"column":79}}},"fnMap":{"0":{"name":"(anonymous_0)","decl":{"start":{"line":35,"column":11},"end":{"line":35,"column":12}},"loc":{"start":{"line":35,"column":47},"end":{"line":35,"column":79}},"line":35}},"branchMap":{},"s":{"0":0,"1":0},"f":{"0":0},"b":{}}
,"/Users/drt67665/Documents/codes/typescript/front-arch/src/modules/users/domain/entities/album.entity.ts": {"path":"/Users/drt67665/Documents/codes/typescript/front-arch/src/modules/users/domain/entities/album.entity.ts","statementMap":{},"fnMap":{},"branchMap":{},"s":{},"f":{},"b":{}}
,"/Users/drt67665/Documents/codes/typescript/front-arch/src/modules/users/domain/entities/user.entity.ts": {"path":"/Users/drt67665/Documents/codes/typescript/front-arch/src/modules/users/domain/entities/user.entity.ts","statementMap":{},"fnMap":{},"branchMap":{},"s":{},"f":{},"b":{}}
,"/Users/drt67665/Documents/codes/typescript/front-arch/src/modules/users/domain/usecases/create-users.usecase.interface.ts": {"path":"/Users/drt67665/Documents/codes/typescript/front-arch/src/modules/users/domain/usecases/create-users.usecase.interface.ts","statementMap":{},"fnMap":{},"branchMap":{},"s":{},"f":{},"b":{}}
,"/Users/drt67665/Documents/codes/typescript/front-arch/src/modules/users/domain/usecases/find-all-users.usecase.interface.ts": {"path":"/Users/drt67665/Documents/codes/typescript/front-arch/src/modules/users/domain/usecases/find-all-users.usecase.interface.ts","statementMap":{},"fnMap":{},"branchMap":{},"s":{},"f":{},"b":{}}
,"/Users/drt67665/Documents/codes/typescript/front-arch/src/modules/users/domain/usecases/find-by-id-users.usecase.interface.ts": {"path":"/Users/drt67665/Documents/codes/typescript/front-arch/src/modules/users/domain/usecases/find-by-id-users.usecase.interface.ts","statementMap":{},"fnMap":{},"branchMap":{},"s":{},"f":{},"b":{}}
,"/Users/drt67665/Documents/codes/typescript/front-arch/src/modules/users/usecases/create-users.usecase.ts": {"path":"/Users/drt67665/Documents/codes/typescript/front-arch/src/modules/users/usecases/create-users.usecase.ts","statementMap":{"0":{"start":{"line":9,"column":17},"end":{"line":13,"column":6}},"1":{"start":{"line":15,"column":4},"end":{"line":19,"column":5}}},"fnMap":{"0":{"name":"(anonymous_0)","decl":{"start":{"line":6,"column":2},"end":{"line":6,"column":3}},"loc":{"start":{"line":6,"column":55},"end":{"line":6,"column":57}},"line":6},"1":{"name":"(anonymous_1)","decl":{"start":{"line":8,"column":2},"end":{"line":8,"column":3}},"loc":{"start":{"line":8,"column":55},"end":{"line":20,"column":3}},"line":8}},"branchMap":{},"s":{"0":0,"1":0},"f":{"0":0,"1":0},"b":{}}
,"/Users/drt67665/Documents/codes/typescript/front-arch/src/modules/users/usecases/find-all-users.usecase.ts": {"path":"/Users/drt67665/Documents/codes/typescript/front-arch/src/modules/users/usecases/find-all-users.usecase.ts","statementMap":{"0":{"start":{"line":9,"column":18},"end":{"line":12,"column":6}},"1":{"start":{"line":13,"column":4},"end":{"line":17,"column":7}},"2":{"start":{"line":13,"column":43},"end":{"line":17,"column":5}}},"fnMap":{"0":{"name":"(anonymous_0)","decl":{"start":{"line":6,"column":2},"end":{"line":6,"column":3}},"loc":{"start":{"line":6,"column":55},"end":{"line":6,"column":57}},"line":6},"1":{"name":"(anonymous_1)","decl":{"start":{"line":8,"column":2},"end":{"line":8,"column":3}},"loc":{"start":{"line":8,"column":35},"end":{"line":18,"column":3}},"line":8},"2":{"name":"(anonymous_2)","decl":{"start":{"line":13,"column":26},"end":{"line":13,"column":27}},"loc":{"start":{"line":13,"column":43},"end":{"line":17,"column":5}},"line":13}},"branchMap":{},"s":{"0":0,"1":0,"2":0},"f":{"0":0,"1":0,"2":0},"b":{}}
,"/Users/drt67665/Documents/codes/typescript/front-arch/src/modules/users/usecases/find-by-id-users.usecase.ts": {"path":"/Users/drt67665/Documents/codes/typescript/front-arch/src/modules/users/usecases/find-by-id-users.usecase.ts","statementMap":{"0":{"start":{"line":9,"column":17},"end":{"line":12,"column":6}},"1":{"start":{"line":14,"column":4},"end":{"line":18,"column":5}}},"fnMap":{"0":{"name":"(anonymous_0)","decl":{"start":{"line":6,"column":2},"end":{"line":6,"column":3}},"loc":{"start":{"line":6,"column":55},"end":{"line":6,"column":57}},"line":6},"1":{"name":"(anonymous_1)","decl":{"start":{"line":8,"column":2},"end":{"line":8,"column":3}},"loc":{"start":{"line":8,"column":43},"end":{"line":19,"column":3}},"line":8}},"branchMap":{},"s":{"0":0,"1":0},"f":{"0":0,"1":0},"b":{}}
,"/Users/drt67665/Documents/codes/typescript/front-arch/src/presentation/main/factories/users/create-users.tsx": {"path":"/Users/drt67665/Documents/codes/typescript/front-arch/src/presentation/main/factories/users/create-users.tsx","statementMap":{"0":{"start":{"line":5,"column":27},"end":{"line":5,"column":68}},"1":{"start":{"line":7,"column":31},"end":{"line":7,"column":80}},"2":{"start":{"line":7,"column":37},"end":{"line":7,"column":80}}},"fnMap":{"0":{"name":"(anonymous_0)","decl":{"start":{"line":7,"column":31},"end":{"line":7,"column":32}},"loc":{"start":{"line":7,"column":37},"end":{"line":7,"column":80}},"line":7}},"branchMap":{},"s":{"0":0,"1":0,"2":0},"f":{"0":0},"b":{}}
,"/Users/drt67665/Documents/codes/typescript/front-arch/src/presentation/main/factories/users/list-users.tsx": {"path":"/Users/drt67665/Documents/codes/typescript/front-arch/src/presentation/main/factories/users/list-users.tsx","statementMap":{"0":{"start":{"line":6,"column":28},"end":{"line":6,"column":70}},"1":{"start":{"line":7,"column":29},"end":{"line":7,"column":72}},"2":{"start":{"line":9,"column":29},"end":{"line":13,"column":4}},"3":{"start":{"line":10,"column":2},"end":{"line":13,"column":4}}},"fnMap":{"0":{"name":"(anonymous_0)","decl":{"start":{"line":9,"column":29},"end":{"line":9,"column":30}},"loc":{"start":{"line":10,"column":2},"end":{"line":13,"column":4}},"line":10}},"branchMap":{},"s":{"0":0,"1":0,"2":0,"3":0},"f":{"0":0},"b":{}}
,"/Users/drt67665/Documents/codes/typescript/front-arch/src/presentation/main/routes/index.tsx": {"path":"/Users/drt67665/Documents/codes/typescript/front-arch/src/presentation/main/routes/index.tsx","statementMap":{"0":{"start":{"line":6,"column":20},"end":{"line":6,"column":37}},"1":{"start":{"line":8,"column":22},"end":{"line":23,"column":2}}},"fnMap":{},"branchMap":{},"s":{"0":0,"1":0},"f":{},"b":{}}
,"/Users/drt67665/Documents/codes/typescript/front-arch/src/presentation/view/pages/users/create/index.tsx": {"path":"/Users/drt67665/Documents/codes/typescript/front-arch/src/presentation/view/pages/users/create/index.tsx","statementMap":{"0":{"start":{"line":10,"column":27},"end":{"line":27,"column":1}},"1":{"start":{"line":17,"column":6},"end":{"line":17,"column":28}},"2":{"start":{"line":19,"column":2},"end":{"line":19,"column":45}},"3":{"start":{"line":19,"column":17},"end":{"line":19,"column":45}},"4":{"start":{"line":21,"column":2},"end":{"line":21,"column":53}},"5":{"start":{"line":21,"column":13},"end":{"line":21,"column":53}},"6":{"start":{"line":23,"column":2},"end":{"line":26,"column":5}}},"fnMap":{"0":{"name":"(anonymous_0)","decl":{"start":{"line":10,"column":27},"end":{"line":10,"column":28}},"loc":{"start":{"line":10,"column":50},"end":{"line":27,"column":1}},"line":10}},"branchMap":{"0":{"loc":{"start":{"line":19,"column":2},"end":{"line":19,"column":45}},"type":"if","locations":[{"start":{"line":19,"column":2},"end":{"line":19,"column":45}},{"start":{},"end":{}}],"line":19},"1":{"loc":{"start":{"line":21,"column":2},"end":{"line":21,"column":53}},"type":"if","locations":[{"start":{"line":21,"column":2},"end":{"line":21,"column":53}},{"start":{},"end":{}}],"line":21}},"s":{"0":0,"1":0,"2":0,"3":0,"4":0,"5":0,"6":0},"f":{"0":0},"b":{"0":[0,0],"1":[0,0]}}
,"/Users/drt67665/Documents/codes/typescript/front-arch/src/presentation/view/pages/users/create/components/form.tsx": {"path":"/Users/drt67665/Documents/codes/typescript/front-arch/src/presentation/view/pages/users/create/components/form.tsx","statementMap":{"0":{"start":{"line":12,"column":20},"end":{"line":34,"column":1}},"1":{"start":{"line":18,"column":6},"end":{"line":18,"column":23}},"2":{"start":{"line":20,"column":42},"end":{"line":23,"column":3}},"3":{"start":{"line":21,"column":4},"end":{"line":21,"column":16}},"4":{"start":{"line":22,"column":4},"end":{"line":22,"column":11}},"5":{"start":{"line":25,"column":2},"end":{"line":33,"column":3}}},"fnMap":{"0":{"name":"(anonymous_0)","decl":{"start":{"line":12,"column":20},"end":{"line":12,"column":21}},"loc":{"start":{"line":12,"column":43},"end":{"line":34,"column":1}},"line":12},"1":{"name":"(anonymous_1)","decl":{"start":{"line":20,"column":42},"end":{"line":20,"column":43}},"loc":{"start":{"line":20,"column":52},"end":{"line":23,"column":3}},"line":20}},"branchMap":{"0":{"loc":{"start":{"line":29,"column":9},"end":{"line":29,"column":60}},"type":"binary-expr","locations":[{"start":{"line":29,"column":9},"end":{"line":29,"column":21}},{"start":{"line":29,"column":25},"end":{"line":29,"column":60}}],"line":29}},"s":{"0":0,"1":0,"2":0,"3":0,"4":0,"5":0},"f":{"0":0,"1":0},"b":{"0":[0,0]}}
,"/Users/drt67665/Documents/codes/typescript/front-arch/src/presentation/view/pages/users/create/components/success.tsx": {"path":"/Users/drt67665/Documents/codes/typescript/front-arch/src/presentation/view/pages/users/create/components/success.tsx","statementMap":{"0":{"start":{"line":7,"column":23},"end":{"line":19,"column":1}},"1":{"start":{"line":8,"column":2},"end":{"line":17,"column":5}}},"fnMap":{"0":{"name":"(anonymous_0)","decl":{"start":{"line":7,"column":23},"end":{"line":7,"column":24}},"loc":{"start":{"line":7,"column":42},"end":{"line":19,"column":1}},"line":7}},"branchMap":{"0":{"loc":{"start":{"line":9,"column":5},"end":{"line":15,"column":12}},"type":"binary-expr","locations":[{"start":{"line":9,"column":5},"end":{"line":9,"column":9}},{"start":{"line":10,"column":6},"end":{"line":15,"column":12}}],"line":9}},"s":{"0":0,"1":0},"f":{"0":0},"b":{"0":[0,0]}}
,"/Users/drt67665/Documents/codes/typescript/front-arch/src/presentation/view/pages/users/create/hooks/create-users.hook.ts": {"path":"/Users/drt67665/Documents/codes/typescript/front-arch/src/presentation/view/pages/users/create/hooks/create-users.hook.ts","statementMap":{"0":{"start":{"line":4,"column":30},"end":{"line":14,"column":1}},"1":{"start":{"line":6,"column":19},"end":{"line":6,"column":81}},"2":{"start":{"line":6,"column":59},"end":{"line":6,"column":80}},"3":{"start":{"line":8,"column":2},"end":{"line":13,"column":3}}},"fnMap":{"0":{"name":"(anonymous_0)","decl":{"start":{"line":4,"column":30},"end":{"line":4,"column":31}},"loc":{"start":{"line":4,"column":63},"end":{"line":14,"column":1}},"line":4},"1":{"name":"(anonymous_1)","decl":{"start":{"line":6,"column":31},"end":{"line":6,"column":32}},"loc":{"start":{"line":6,"column":59},"end":{"line":6,"column":80}},"line":6}},"branchMap":{},"s":{"0":0,"1":0,"2":0,"3":0},"f":{"0":0,"1":0},"b":{}}
,"/Users/drt67665/Documents/codes/typescript/front-arch/src/presentation/view/pages/users/list/index.tsx": {"path":"/Users/drt67665/Documents/codes/typescript/front-arch/src/presentation/view/pages/users/list/index.tsx","statementMap":{"0":{"start":{"line":13,"column":25},"end":{"line":42,"column":1}},"1":{"start":{"line":18,"column":6},"end":{"line":18,"column":30}},"2":{"start":{"line":26,"column":6},"end":{"line":26,"column":32}},"3":{"start":{"line":28,"column":2},"end":{"line":41,"column":5}}},"fnMap":{"0":{"name":"(anonymous_0)","decl":{"start":{"line":13,"column":25},"end":{"line":13,"column":26}},"loc":{"start":{"line":13,"column":59},"end":{"line":42,"column":1}},"line":13}},"branchMap":{},"s":{"0":0,"1":0,"2":0,"3":0},"f":{"0":0},"b":{}}
,"/Users/drt67665/Documents/codes/typescript/front-arch/src/presentation/view/pages/users/list/components/details.tsx": {"path":"/Users/drt67665/Documents/codes/typescript/front-arch/src/presentation/view/pages/users/list/components/details.tsx","statementMap":{"0":{"start":{"line":11,"column":56},"end":{"line":27,"column":1}},"1":{"start":{"line":12,"column":2},"end":{"line":12,"column":36}},"2":{"start":{"line":12,"column":17},"end":{"line":12,"column":36}},"3":{"start":{"line":14,"column":2},"end":{"line":14,"column":26}},"4":{"start":{"line":14,"column":15},"end":{"line":14,"column":26}},"5":{"start":{"line":16,"column":2},"end":{"line":26,"column":3}},"6":{"start":{"line":22,"column":29},"end":{"line":22,"column":46}}},"fnMap":{"0":{"name":"(anonymous_0)","decl":{"start":{"line":11,"column":56},"end":{"line":11,"column":57}},"loc":{"start":{"line":11,"column":104},"end":{"line":27,"column":1}},"line":11},"1":{"name":"(anonymous_1)","decl":{"start":{"line":22,"column":23},"end":{"line":22,"column":24}},"loc":{"start":{"line":22,"column":29},"end":{"line":22,"column":46}},"line":22}},"branchMap":{"0":{"loc":{"start":{"line":12,"column":2},"end":{"line":12,"column":36}},"type":"if","locations":[{"start":{"line":12,"column":2},"end":{"line":12,"column":36}},{"start":{},"end":{}}],"line":12},"1":{"loc":{"start":{"line":14,"column":2},"end":{"line":14,"column":26}},"type":"if","locations":[{"start":{"line":14,"column":2},"end":{"line":14,"column":26}},{"start":{},"end":{}}],"line":14}},"s":{"0":1,"1":3,"2":1,"3":2,"4":1,"5":1,"6":0},"f":{"0":3,"1":0},"b":{"0":[1,2],"1":[1,1]},"_coverageSchema":"1a1c01bbd47fc00a2c39e90264f33305004495a9","hash":"cf434e8492bcca39eab96917baeeadb3d64e05a4"}
,"/Users/drt67665/Documents/codes/typescript/front-arch/src/presentation/view/pages/users/list/components/table.tsx": {"path":"/Users/drt67665/Documents/codes/typescript/front-arch/src/presentation/view/pages/users/list/components/table.tsx","statementMap":{"0":{"start":{"line":10,"column":30},"end":{"line":40,"column":1}},"1":{"start":{"line":11,"column":2},"end":{"line":11,"column":45}},"2":{"start":{"line":11,"column":17},"end":{"line":11,"column":45}},"3":{"start":{"line":13,"column":2},"end":{"line":13,"column":53}},"4":{"start":{"line":13,"column":13},"end":{"line":13,"column":53}},"5":{"start":{"line":15,"column":2},"end":{"line":39,"column":3}},"6":{"start":{"line":28,"column":12},"end":{"line":34,"column":17}},"7":{"start":{"line":32,"column":39},"end":{"line":32,"column":61}}},"fnMap":{"0":{"name":"(anonymous_0)","decl":{"start":{"line":10,"column":30},"end":{"line":10,"column":31}},"loc":{"start":{"line":10,"column":84},"end":{"line":40,"column":1}},"line":10},"1":{"name":"(anonymous_1)","decl":{"start":{"line":27,"column":21},"end":{"line":27,"column":22}},"loc":{"start":{"line":28,"column":12},"end":{"line":34,"column":17}},"line":28},"2":{"name":"(anonymous_2)","decl":{"start":{"line":32,"column":33},"end":{"line":32,"column":34}},"loc":{"start":{"line":32,"column":39},"end":{"line":32,"column":61}},"line":32}},"branchMap":{"0":{"loc":{"start":{"line":11,"column":2},"end":{"line":11,"column":45}},"type":"if","locations":[{"start":{"line":11,"column":2},"end":{"line":11,"column":45}},{"start":{},"end":{}}],"line":11},"1":{"loc":{"start":{"line":13,"column":2},"end":{"line":13,"column":53}},"type":"if","locations":[{"start":{"line":13,"column":2},"end":{"line":13,"column":53}},{"start":{},"end":{}}],"line":13}},"s":{"0":1,"1":4,"2":1,"3":3,"4":1,"5":2,"6":4,"7":1},"f":{"0":4,"1":4,"2":1},"b":{"0":[1,3],"1":[1,2]},"_coverageSchema":"1a1c01bbd47fc00a2c39e90264f33305004495a9","hash":"54836184e446a382e25edba9925f3bcc4799f5bf"}
,"/Users/drt67665/Documents/codes/typescript/front-arch/src/presentation/view/pages/users/list/hooks/find-all-users.hook.ts": {"path":"/Users/drt67665/Documents/codes/typescript/front-arch/src/presentation/view/pages/users/list/hooks/find-all-users.hook.ts","statementMap":{"0":{"start":{"line":4,"column":31},"end":{"line":13,"column":1}},"1":{"start":{"line":6,"column":15},"end":{"line":6,"column":61}},"2":{"start":{"line":6,"column":43},"end":{"line":6,"column":60}},"3":{"start":{"line":8,"column":2},"end":{"line":12,"column":3}}},"fnMap":{"0":{"name":"(anonymous_0)","decl":{"start":{"line":4,"column":31},"end":{"line":4,"column":32}},"loc":{"start":{"line":4,"column":65},"end":{"line":13,"column":1}},"line":4},"1":{"name":"(anonymous_1)","decl":{"start":{"line":6,"column":37},"end":{"line":6,"column":38}},"loc":{"start":{"line":6,"column":43},"end":{"line":6,"column":60}},"line":6}},"branchMap":{},"s":{"0":0,"1":0,"2":0,"3":0},"f":{"0":0,"1":0},"b":{}}
,"/Users/drt67665/Documents/codes/typescript/front-arch/src/presentation/view/pages/users/list/hooks/find-by-id-users.hook.ts": {"path":"/Users/drt67665/Documents/codes/typescript/front-arch/src/presentation/view/pages/users/list/hooks/find-by-id-users.hook.ts","statementMap":{"0":{"start":{"line":5,"column":32},"end":{"line":26,"column":1}},"1":{"start":{"line":6,"column":30},"end":{"line":6,"column":45}},"2":{"start":{"line":8,"column":18},"end":{"line":8,"column":67}},"3":{"start":{"line":8,"column":46},"end":{"line":8,"column":66}},"4":{"start":{"line":10,"column":21},"end":{"line":12,"column":3}},"5":{"start":{"line":11,"column":4},"end":{"line":11,"column":20}},"6":{"start":{"line":14,"column":24},"end":{"line":17,"column":3}},"7":{"start":{"line":15,"column":4},"end":{"line":15,"column":22}},"8":{"start":{"line":16,"column":4},"end":{"line":16,"column":19}},"9":{"start":{"line":19,"column":2},"end":{"line":25,"column":3}}},"fnMap":{"0":{"name":"(anonymous_0)","decl":{"start":{"line":5,"column":32},"end":{"line":5,"column":33}},"loc":{"start":{"line":5,"column":68},"end":{"line":26,"column":1}},"line":5},"1":{"name":"(anonymous_1)","decl":{"start":{"line":8,"column":30},"end":{"line":8,"column":31}},"loc":{"start":{"line":8,"column":46},"end":{"line":8,"column":66}},"line":8},"2":{"name":"(anonymous_2)","decl":{"start":{"line":10,"column":21},"end":{"line":10,"column":22}},"loc":{"start":{"line":10,"column":41},"end":{"line":12,"column":3}},"line":10},"3":{"name":"(anonymous_3)","decl":{"start":{"line":14,"column":24},"end":{"line":14,"column":25}},"loc":{"start":{"line":14,"column":40},"end":{"line":17,"column":3}},"line":14}},"branchMap":{},"s":{"0":0,"1":0,"2":0,"3":0,"4":0,"5":0,"6":0,"7":0,"8":0,"9":0},"f":{"0":0,"1":0,"2":0,"3":0},"b":{}}
}
